2026-02-07 13:18:48 INFO  Utils:112 - [Utils] MethodGroupsHelper.collectMethodsByGroup() took 0 ms.
2026-02-07 13:18:48 INFO  Utils:112 - [Utils] MethodGroupsHelper.sortMethods() took 2 ms.
2026-02-07 13:18:48 INFO  Utils:112 - [Utils] MethodGroupsHelper.collectMethodsByGroup() took 0 ms.
2026-02-07 13:18:48 INFO  Utils:112 - [Utils] MethodGroupsHelper.sortMethods() took 0 ms.
2026-02-07 13:18:48 INFO  Utils:112 - [Utils] MethodGroupsHelper.collectMethodsByGroup() took 0 ms.
2026-02-07 13:18:48 INFO  Utils:112 - [Utils] MethodGroupsHelper.sortMethods() took 0 ms.
2026-02-07 13:18:48 INFO  Utils:112 - [Utils] MethodGroupsHelper.collectMethodsByGroup() took 0 ms.
2026-02-07 13:18:48 INFO  Utils:112 - [Utils] MethodGroupsHelper.sortMethods() took 0 ms.
2026-02-07 13:18:48 INFO  Utils:112 - [Utils] MethodGroupsHelper.collectMethodsByGroup() took 12 ms.
2026-02-07 13:18:48 INFO  Utils:112 - [Utils] MethodGroupsHelper.sortMethods() took 32 ms.
2026-02-07 13:18:48 INFO  Utils:112 - [Utils] MethodGroupsHelper.collectMethodsByGroup() took 0 ms.
2026-02-07 13:18:48 INFO  Utils:112 - [Utils] MethodGroupsHelper.sortMethods() took 0 ms.
2026-02-07 13:18:48 INFO  Utils:112 - [Utils] MethodGroupsHelper.collectMethodsByGroup() took 0 ms.
2026-02-07 13:18:48 INFO  Utils:112 - [Utils] MethodGroupsHelper.sortMethods() took 0 ms.
2026-02-07 13:18:48 INFO  Utils:112 - [Utils] MethodGroupsHelper.collectMethodsByGroup() took 0 ms.
2026-02-07 13:18:48 INFO  Utils:112 - [Utils] MethodGroupsHelper.sortMethods() took 0 ms.
2026-02-07 13:18:48 INFO  Utils:112 - [Utils] MethodGroupsHelper.collectMethodsByGroup() took 0 ms.
2026-02-07 13:18:48 INFO  Utils:112 - [Utils] MethodGroupsHelper.sortMethods() took 0 ms.
2026-02-07 13:18:48 INFO  Utils:112 - [Utils] MethodGroupsHelper.collectMethodsByGroup() took 0 ms.
2026-02-07 13:18:48 INFO  Utils:112 - [Utils] MethodGroupsHelper.sortMethods() took 0 ms.
2026-02-07 13:18:48 INFO  Utils:112 - [Utils] MethodGroupsHelper.collectMethodsByGroup() took 0 ms.
2026-02-07 13:18:48 INFO  Utils:112 - [Utils] MethodGroupsHelper.sortMethods() took 0 ms.
2026-02-07 13:18:49 INFO  Utils:112 - [Utils] MethodGroupsHelper.collectMethodsByGroup() took 0 ms.
2026-02-07 13:18:49 INFO  Utils:112 - [Utils] MethodGroupsHelper.sortMethods() took 0 ms.
2026-02-07 13:18:49 INFO  Utils:112 - [Utils] MethodGroupsHelper.collectMethodsByGroup() took 0 ms.
2026-02-07 13:18:49 INFO  Utils:112 - [Utils] MethodGroupsHelper.sortMethods() took 0 ms.
2026-02-07 13:18:49 INFO  Utils:112 - [Utils] MethodGroupsHelper.collectMethodsByGroup() took 0 ms.
2026-02-07 13:18:49 INFO  Utils:112 - [Utils] MethodGroupsHelper.sortMethods() took 0 ms.
2026-02-07 13:18:49 INFO  Utils:112 - [Utils] MethodGroupsHelper.collectMethodsByGroup() took 0 ms.
2026-02-07 13:18:49 INFO  Utils:112 - [Utils] MethodGroupsHelper.sortMethods() took 0 ms.
2026-02-07 13:18:49 INFO  Utils:112 - [Utils] MethodGroupsHelper.collectMethodsByGroup() took 0 ms.
2026-02-07 13:18:49 INFO  Utils:112 - [Utils] MethodGroupsHelper.sortMethods() took 0 ms.
2026-02-07 13:18:49 INFO  Utils:112 - [Utils] MethodGroupsHelper.collectMethodsByGroup() took 0 ms.
2026-02-07 13:18:49 INFO  Utils:112 - [Utils] MethodGroupsHelper.sortMethods() took 0 ms.
2026-02-07 13:18:49 INFO  Utils:112 - [Utils] MethodGroupsHelper.collectMethodsByGroup() took 0 ms.
2026-02-07 13:18:49 INFO  Utils:112 - [Utils] MethodGroupsHelper.sortMethods() took 0 ms.
2026-02-07 13:18:49 INFO  Utils:112 - [Utils] MethodGroupsHelper.collectMethodsByGroup() took 0 ms.
2026-02-07 13:18:49 INFO  Utils:112 - [Utils] MethodGroupsHelper.sortMethods() took 0 ms.
2026-02-07 13:18:49 INFO  Utils:112 - [Utils] MethodGroupsHelper.collectMethodsByGroup() took 0 ms.
2026-02-07 13:18:49 INFO  Utils:112 - [Utils] MethodGroupsHelper.sortMethods() took 0 ms.
2026-02-07 13:18:49 INFO  Utils:112 - [Utils] MethodGroupsHelper.collectMethodsByGroup() took 0 ms.
2026-02-07 13:18:49 INFO  Utils:112 - [Utils] MethodGroupsHelper.sortMethods() took 0 ms.
2026-02-07 13:18:49 INFO  Utils:112 - [Utils] MethodGroupsHelper.collectMethodsByGroup() took 0 ms.
2026-02-07 13:18:49 INFO  Utils:112 - [Utils] MethodGroupsHelper.sortMethods() took 0 ms.
2026-02-07 13:18:49 INFO  Utils:112 - [Utils] MethodGroupsHelper.collectMethodsByGroup() took 0 ms.
2026-02-07 13:18:49 INFO  Utils:112 - [Utils] MethodGroupsHelper.sortMethods() took 0 ms.
2026-02-07 13:18:49 INFO  Utils:112 - [Utils] MethodGroupsHelper.collectMethodsByGroup() took 0 ms.
2026-02-07 13:18:49 INFO  Utils:112 - [Utils] MethodGroupsHelper.sortMethods() took 0 ms.
2026-02-07 13:18:49 INFO  Utils:112 - [Utils] MethodGroupsHelper.collectMethodsByGroup() took 0 ms.
2026-02-07 13:18:49 INFO  Utils:112 - [Utils] MethodGroupsHelper.sortMethods() took 0 ms.
2026-02-07 13:18:49 INFO  Utils:112 - [Utils] MethodGroupsHelper.collectMethodsByGroup() took 0 ms.
2026-02-07 13:18:49 INFO  Utils:112 - [Utils] MethodGroupsHelper.sortMethods() took 0 ms.
2026-02-07 13:18:49 INFO  Utils:112 - [Utils] MethodGroupsHelper.collectMethodsByGroup() took 0 ms.
2026-02-07 13:18:49 INFO  Utils:112 - [Utils] MethodGroupsHelper.sortMethods() took 0 ms.
2026-02-07 13:18:49 INFO  Utils:112 - [Utils] MethodGroupsHelper.collectMethodsByGroup() took 0 ms.
2026-02-07 13:18:49 INFO  Utils:112 - [Utils] MethodGroupsHelper.sortMethods() took 0 ms.
2026-02-07 13:18:49 INFO  Utils:112 - [Utils] MethodGroupsHelper.collectMethodsByGroup() took 0 ms.
2026-02-07 13:18:49 INFO  Utils:112 - [Utils] MethodGroupsHelper.sortMethods() took 0 ms.
2026-02-07 13:18:49 INFO  Utils:112 - [Utils] MethodGroupsHelper.collectMethodsByGroup() took 0 ms.
2026-02-07 13:18:49 INFO  Utils:112 - [Utils] MethodGroupsHelper.sortMethods() took 0 ms.
2026-02-07 13:18:49 INFO  Utils:112 - [Utils] MethodGroupsHelper.collectMethodsByGroup() took 0 ms.
2026-02-07 13:18:49 INFO  Utils:112 - [Utils] MethodGroupsHelper.sortMethods() took 0 ms.
2026-02-07 13:18:49 INFO  Utils:112 - [Utils] MethodGroupsHelper.collectMethodsByGroup() took 0 ms.
2026-02-07 13:18:49 INFO  Utils:112 - [Utils] MethodGroupsHelper.sortMethods() took 0 ms.
2026-02-07 13:18:49 INFO  Utils:112 - [Utils] MethodGroupsHelper.collectMethodsByGroup() took 3 ms.
2026-02-07 13:18:49 INFO  Utils:112 - [Utils] MethodGroupsHelper.sortMethods() took 14 ms.
2026-02-07 13:18:49 INFO  Utils:112 - [Utils] MethodGroupsHelper.collectMethodsByGroup() took 0 ms.
2026-02-07 13:18:49 INFO  Utils:112 - [Utils] MethodGroupsHelper.sortMethods() took 0 ms.
2026-02-07 13:18:49 INFO  Utils:112 - [Utils] MethodGroupsHelper.collectMethodsByGroup() took 0 ms.
2026-02-07 13:18:49 INFO  Utils:112 - [Utils] MethodGroupsHelper.sortMethods() took 0 ms.
2026-02-07 13:18:49 INFO  Utils:112 - [Utils] DynamicGraphHelper.createDynamicGraph() took 8 ms.
2026-02-07 13:18:56 INFO  TC_001_AccountRegistrationTest:19 - ***** Starting TC001_AccountRegistrationTest  ****
2026-02-07 13:18:56 INFO  TC_001_AccountRegistrationTest:23 - Clicked on MyAccount Link.. 
2026-02-07 13:18:57 INFO  TC_001_AccountRegistrationTest:25 - Clicked on Register Link.. 
2026-02-07 13:18:57 INFO  TC_001_AccountRegistrationTest:26 - Providing customer details...
2026-02-07 13:19:03 INFO  TC_001_AccountRegistrationTest:43 - Validating expected message..
2026-02-07 13:19:13 INFO  TC_001_AccountRegistrationTest:58 - ***** Finished TC001_AccountRegistrationTest *****
2026-02-07 13:19:19 INFO  TC_002_Login_Test:22 - ***** Starting TC001_AccountRegistrationTest  ****
2026-02-07 13:19:19 INFO  TC_002_Login_Test:26 - Clicked on MyAccount Link.. 
2026-02-07 13:19:20 INFO  TC_002_Login_Test:28 - Clicked on Register Link.. 
2026-02-07 13:19:22 INFO  TC_002_Login_Test:42 - Test passed
2026-02-07 13:19:22 INFO  TC_002_Login_Test:52 - ***** Finished TC001_AccountRegistrationTest *****
2026-02-07 13:19:30 INFO  TC_003_LoginDDT:25 - **** Starting TC_003_LoginDDT *****
2026-02-07 13:19:36 INFO  TC_003_LoginDDT:65 - **** Finished TC_003_LoginDDT *****
2026-02-07 13:19:36 INFO  TC_003_LoginDDT:25 - **** Starting TC_003_LoginDDT *****
2026-02-07 13:19:48 INFO  TC_003_LoginDDT:65 - **** Finished TC_003_LoginDDT *****
2026-02-07 13:19:48 INFO  TC_003_LoginDDT:25 - **** Starting TC_003_LoginDDT *****
2026-02-07 13:20:01 INFO  TC_003_LoginDDT:65 - **** Finished TC_003_LoginDDT *****
2026-02-07 13:20:01 INFO  TC_003_LoginDDT:25 - **** Starting TC_003_LoginDDT *****
2026-02-07 13:20:05 INFO  TC_003_LoginDDT:65 - **** Finished TC_003_LoginDDT *****
2026-02-07 13:20:07 INFO  Utils:112 - [TestNG] Time taken by org.testng.reporters.jq.Main@4fb64a52: 153 ms
2026-02-07 13:20:07 INFO  Utils:112 - [TestNG] Time taken by org.testng.reporters.FailedReporter@5fd43e58: 42 ms
2026-02-07 13:20:07 INFO  Utils:112 - [TestNG] Time taken by org.testng.reporters.XMLReporter@7781263c: 16 ms
2026-02-07 13:20:07 INFO  Utils:112 - [TestNG] Time taken by org.testng.reporters.EmailableReporter2@7eb27768: 14 ms
2026-02-07 13:20:07 INFO  Utils:112 - [TestNG] Time taken by org.testng.reporters.JUnitReportReporter@703e8050: 19 ms
2026-02-07 13:20:07 INFO  Utils:112 - [TestNG] Time taken by org.testng.internal.ExitCodeListener@49c1e294: 0 ms
2026-02-07 17:15:02 INFO  Utils:112 - [Utils] MethodGroupsHelper.collectMethodsByGroup() took 0 ms.
2026-02-07 17:15:02 INFO  Utils:112 - [Utils] MethodGroupsHelper.sortMethods() took 2 ms.
2026-02-07 17:15:02 INFO  Utils:112 - [Utils] MethodGroupsHelper.collectMethodsByGroup() took 0 ms.
2026-02-07 17:15:02 INFO  Utils:112 - [Utils] MethodGroupsHelper.sortMethods() took 0 ms.
2026-02-07 17:15:02 INFO  Utils:112 - [Utils] MethodGroupsHelper.collectMethodsByGroup() took 0 ms.
2026-02-07 17:15:02 INFO  Utils:112 - [Utils] MethodGroupsHelper.sortMethods() took 0 ms.
2026-02-07 17:15:02 INFO  Utils:112 - [Utils] MethodGroupsHelper.collectMethodsByGroup() took 0 ms.
2026-02-07 17:15:02 INFO  Utils:112 - [Utils] MethodGroupsHelper.sortMethods() took 0 ms.
2026-02-07 17:15:02 INFO  Utils:112 - [Utils] MethodGroupsHelper.collectMethodsByGroup() took 10 ms.
2026-02-07 17:15:02 INFO  Utils:112 - [Utils] MethodGroupsHelper.sortMethods() took 15 ms.
2026-02-07 17:15:02 INFO  Utils:112 - [Utils] MethodGroupsHelper.collectMethodsByGroup() took 0 ms.
2026-02-07 17:15:02 INFO  Utils:112 - [Utils] MethodGroupsHelper.sortMethods() took 0 ms.
2026-02-07 17:15:02 INFO  Utils:112 - [Utils] MethodGroupsHelper.collectMethodsByGroup() took 0 ms.
2026-02-07 17:15:02 INFO  Utils:112 - [Utils] MethodGroupsHelper.sortMethods() took 0 ms.
2026-02-07 17:15:02 INFO  Utils:112 - [Utils] MethodGroupsHelper.collectMethodsByGroup() took 0 ms.
2026-02-07 17:15:02 INFO  Utils:112 - [Utils] MethodGroupsHelper.sortMethods() took 0 ms.
2026-02-07 17:15:02 INFO  Utils:112 - [Utils] MethodGroupsHelper.collectMethodsByGroup() took 0 ms.
2026-02-07 17:15:02 INFO  Utils:112 - [Utils] MethodGroupsHelper.sortMethods() took 0 ms.
2026-02-07 17:15:02 INFO  Utils:112 - [Utils] MethodGroupsHelper.collectMethodsByGroup() took 0 ms.
2026-02-07 17:15:02 INFO  Utils:112 - [Utils] MethodGroupsHelper.sortMethods() took 0 ms.
2026-02-07 17:15:02 INFO  Utils:112 - [Utils] MethodGroupsHelper.collectMethodsByGroup() took 0 ms.
2026-02-07 17:15:02 INFO  Utils:112 - [Utils] MethodGroupsHelper.sortMethods() took 0 ms.
2026-02-07 17:15:02 INFO  Utils:112 - [Utils] MethodGroupsHelper.collectMethodsByGroup() took 0 ms.
2026-02-07 17:15:02 INFO  Utils:112 - [Utils] MethodGroupsHelper.sortMethods() took 0 ms.
2026-02-07 17:15:02 INFO  Utils:112 - [Utils] MethodGroupsHelper.collectMethodsByGroup() took 0 ms.
2026-02-07 17:15:02 INFO  Utils:112 - [Utils] MethodGroupsHelper.sortMethods() took 0 ms.
2026-02-07 17:15:02 INFO  Utils:112 - [Utils] MethodGroupsHelper.collectMethodsByGroup() took 0 ms.
2026-02-07 17:15:02 INFO  Utils:112 - [Utils] MethodGroupsHelper.sortMethods() took 0 ms.
2026-02-07 17:15:02 INFO  Utils:112 - [Utils] MethodGroupsHelper.collectMethodsByGroup() took 0 ms.
2026-02-07 17:15:02 INFO  Utils:112 - [Utils] MethodGroupsHelper.sortMethods() took 0 ms.
2026-02-07 17:15:02 INFO  Utils:112 - [Utils] MethodGroupsHelper.collectMethodsByGroup() took 0 ms.
2026-02-07 17:15:02 INFO  Utils:112 - [Utils] MethodGroupsHelper.sortMethods() took 0 ms.
2026-02-07 17:15:02 INFO  Utils:112 - [Utils] MethodGroupsHelper.collectMethodsByGroup() took 0 ms.
2026-02-07 17:15:02 INFO  Utils:112 - [Utils] MethodGroupsHelper.sortMethods() took 0 ms.
2026-02-07 17:15:02 INFO  Utils:112 - [Utils] MethodGroupsHelper.collectMethodsByGroup() took 0 ms.
2026-02-07 17:15:02 INFO  Utils:112 - [Utils] MethodGroupsHelper.sortMethods() took 0 ms.
2026-02-07 17:15:02 INFO  Utils:112 - [Utils] MethodGroupsHelper.collectMethodsByGroup() took 0 ms.
2026-02-07 17:15:02 INFO  Utils:112 - [Utils] MethodGroupsHelper.sortMethods() took 0 ms.
2026-02-07 17:15:02 INFO  Utils:112 - [Utils] MethodGroupsHelper.collectMethodsByGroup() took 0 ms.
2026-02-07 17:15:02 INFO  Utils:112 - [Utils] MethodGroupsHelper.sortMethods() took 0 ms.
2026-02-07 17:15:02 INFO  Utils:112 - [Utils] MethodGroupsHelper.collectMethodsByGroup() took 0 ms.
2026-02-07 17:15:02 INFO  Utils:112 - [Utils] MethodGroupsHelper.sortMethods() took 0 ms.
2026-02-07 17:15:02 INFO  Utils:112 - [Utils] MethodGroupsHelper.collectMethodsByGroup() took 0 ms.
2026-02-07 17:15:02 INFO  Utils:112 - [Utils] MethodGroupsHelper.sortMethods() took 0 ms.
2026-02-07 17:15:02 INFO  Utils:112 - [Utils] MethodGroupsHelper.collectMethodsByGroup() took 0 ms.
2026-02-07 17:15:02 INFO  Utils:112 - [Utils] MethodGroupsHelper.sortMethods() took 0 ms.
2026-02-07 17:15:02 INFO  Utils:112 - [Utils] MethodGroupsHelper.collectMethodsByGroup() took 0 ms.
2026-02-07 17:15:02 INFO  Utils:112 - [Utils] MethodGroupsHelper.sortMethods() took 0 ms.
2026-02-07 17:15:02 INFO  Utils:112 - [Utils] MethodGroupsHelper.collectMethodsByGroup() took 0 ms.
2026-02-07 17:15:02 INFO  Utils:112 - [Utils] MethodGroupsHelper.sortMethods() took 0 ms.
2026-02-07 17:15:02 INFO  Utils:112 - [Utils] MethodGroupsHelper.collectMethodsByGroup() took 0 ms.
2026-02-07 17:15:02 INFO  Utils:112 - [Utils] MethodGroupsHelper.sortMethods() took 0 ms.
2026-02-07 17:15:02 INFO  Utils:112 - [Utils] MethodGroupsHelper.collectMethodsByGroup() took 0 ms.
2026-02-07 17:15:02 INFO  Utils:112 - [Utils] MethodGroupsHelper.sortMethods() took 0 ms.
2026-02-07 17:15:02 INFO  Utils:112 - [Utils] MethodGroupsHelper.collectMethodsByGroup() took 0 ms.
2026-02-07 17:15:02 INFO  Utils:112 - [Utils] MethodGroupsHelper.sortMethods() took 0 ms.
2026-02-07 17:15:02 INFO  Utils:112 - [Utils] MethodGroupsHelper.collectMethodsByGroup() took 0 ms.
2026-02-07 17:15:02 INFO  Utils:112 - [Utils] MethodGroupsHelper.sortMethods() took 0 ms.
2026-02-07 17:15:02 INFO  Utils:112 - [Utils] MethodGroupsHelper.collectMethodsByGroup() took 0 ms.
2026-02-07 17:15:02 INFO  Utils:112 - [Utils] MethodGroupsHelper.sortMethods() took 0 ms.
2026-02-07 17:15:02 INFO  Utils:112 - [Utils] MethodGroupsHelper.collectMethodsByGroup() took 0 ms.
2026-02-07 17:15:02 INFO  Utils:112 - [Utils] MethodGroupsHelper.sortMethods() took 0 ms.
2026-02-07 17:15:02 INFO  Utils:112 - [Utils] MethodGroupsHelper.collectMethodsByGroup() took 0 ms.
2026-02-07 17:15:02 INFO  Utils:112 - [Utils] MethodGroupsHelper.sortMethods() took 0 ms.
2026-02-07 17:15:02 INFO  Utils:112 - [Utils] MethodGroupsHelper.collectMethodsByGroup() took 1 ms.
2026-02-07 17:15:02 INFO  Utils:112 - [Utils] MethodGroupsHelper.sortMethods() took 7 ms.
2026-02-07 17:15:02 INFO  Utils:112 - [Utils] MethodGroupsHelper.collectMethodsByGroup() took 0 ms.
2026-02-07 17:15:02 INFO  Utils:112 - [Utils] MethodGroupsHelper.sortMethods() took 0 ms.
2026-02-07 17:15:02 INFO  Utils:112 - [Utils] MethodGroupsHelper.collectMethodsByGroup() took 0 ms.
2026-02-07 17:15:02 INFO  Utils:112 - [Utils] MethodGroupsHelper.sortMethods() took 0 ms.
2026-02-07 17:15:03 INFO  Utils:112 - [Utils] DynamicGraphHelper.createDynamicGraph() took 5 ms.
2026-02-07 17:15:17 INFO  TC_001_AccountRegistrationTest:19 - ***** Starting TC001_AccountRegistrationTest  ****
2026-02-07 17:15:17 INFO  TC_001_AccountRegistrationTest:23 - Clicked on MyAccount Link.. 
2026-02-07 17:15:17 INFO  TC_001_AccountRegistrationTest:25 - Clicked on Register Link.. 
2026-02-07 17:15:17 INFO  TC_001_AccountRegistrationTest:26 - Providing customer details...
2026-02-07 17:15:23 INFO  TC_001_AccountRegistrationTest:43 - Validating expected message..
2026-02-07 17:15:23 INFO  TC_001_AccountRegistrationTest:48 - Test passed
2026-02-07 17:15:23 INFO  TC_001_AccountRegistrationTest:58 - ***** Finished TC001_AccountRegistrationTest *****
2026-02-07 17:15:31 INFO  TC_002_Login_Test:22 - ***** Starting TC001_AccountRegistrationTest  ****
2026-02-07 17:15:31 INFO  TC_002_Login_Test:26 - Clicked on MyAccount Link.. 
2026-02-07 17:15:31 INFO  TC_002_Login_Test:28 - Clicked on Register Link.. 
2026-02-07 17:15:33 INFO  TC_002_Login_Test:42 - Test passed
2026-02-07 17:15:33 INFO  TC_002_Login_Test:52 - ***** Finished TC001_AccountRegistrationTest *****
2026-02-07 17:15:44 INFO  TC_003_LoginDDT:25 - **** Starting TC_003_LoginDDT *****
2026-02-07 17:15:47 INFO  TC_003_LoginDDT:65 - **** Finished TC_003_LoginDDT *****
2026-02-07 17:15:47 INFO  TC_003_LoginDDT:25 - **** Starting TC_003_LoginDDT *****
2026-02-07 17:15:59 INFO  TC_003_LoginDDT:65 - **** Finished TC_003_LoginDDT *****
2026-02-07 17:15:59 INFO  TC_003_LoginDDT:25 - **** Starting TC_003_LoginDDT *****
2026-02-07 17:16:11 INFO  TC_003_LoginDDT:65 - **** Finished TC_003_LoginDDT *****
2026-02-07 17:16:11 INFO  TC_003_LoginDDT:25 - **** Starting TC_003_LoginDDT *****
2026-02-07 17:16:14 INFO  TC_003_LoginDDT:65 - **** Finished TC_003_LoginDDT *****
2026-02-07 17:16:16 INFO  Utils:112 - [TestNG] Time taken by org.testng.reporters.jq.Main@b022551: 180 ms
2026-02-07 17:16:16 INFO  Utils:112 - [TestNG] Time taken by org.testng.reporters.FailedReporter@2b999ee8: 3 ms
2026-02-07 17:16:16 INFO  Utils:112 - [TestNG] Time taken by org.testng.reporters.XMLReporter@5b8853: 45 ms
2026-02-07 17:16:16 INFO  Utils:112 - [TestNG] Time taken by org.testng.reporters.EmailableReporter2@66e341e9: 9 ms
2026-02-07 17:16:16 INFO  Utils:112 - [TestNG] Time taken by org.testng.reporters.JUnitReportReporter@216c22ce: 9 ms
2026-02-07 17:16:16 INFO  Utils:112 - [TestNG] Time taken by org.testng.internal.ExitCodeListener@62f9c790: 0 ms
